<?xml version="1.0" encoding="UTF-8" ?>
<testsuite tests="33" failures="0" name="RunCukesTest" time="0.025" errors="0" skipped="0">
  <properties>
    <property name="java.runtime.name" value="Java(TM) SE Runtime Environment"/>
    <property name="sun.boot.library.path" value="C:\Program Files\Java\jdk1.8.0_102\jre\bin"/>
    <property name="java.vm.version" value="25.102-b14"/>
    <property name="java.vm.vendor" value="Oracle Corporation"/>
    <property name="maven.multiModuleProjectDirectory" value="C:\code\JavaWorkspaces\BDD_Workspace\GildedRoseInn"/>
    <property name="java.vendor.url" value="http://java.oracle.com/"/>
    <property name="path.separator" value=";"/>
    <property name="guice.disable.misplaced.annotation.check" value="true"/>
    <property name="java.vm.name" value="Java HotSpot(TM) 64-Bit Server VM"/>
    <property name="file.encoding.pkg" value="sun.io"/>
    <property name="user.script" value=""/>
    <property name="user.country" value="ES"/>
    <property name="sun.java.launcher" value="SUN_STANDARD"/>
    <property name="sun.os.patch.level" value=""/>
    <property name="java.vm.specification.name" value="Java Virtual Machine Specification"/>
    <property name="user.dir" value="C:\code\JavaWorkspaces\BDD_Workspace\GildedRoseInn"/>
    <property name="java.runtime.version" value="1.8.0_102-b14"/>
    <property name="java.awt.graphicsenv" value="sun.awt.Win32GraphicsEnvironment"/>
    <property name="java.endorsed.dirs" value="C:\Program Files\Java\jdk1.8.0_102\jre\lib\endorsed"/>
    <property name="os.arch" value="amd64"/>
    <property name="java.io.tmpdir" value="C:\Users\Javier\AppData\Local\Temp\"/>
    <property name="line.separator" value="
"/>
    <property name="java.vm.specification.vendor" value="Oracle Corporation"/>
    <property name="user.variant" value=""/>
    <property name="os.name" value="Windows 10"/>
    <property name="classworlds.conf" value="C:\code\apps\apache-maven-3.3.9\bin\..\bin\m2.conf"/>
    <property name="sun.jnu.encoding" value="Cp1252"/>
    <property name="java.library.path" value="C:\Program Files\Java\jdk1.8.0_102\bin;C:\WINDOWS\Sun\Java\bin;C:\WINDOWS\system32;C:\WINDOWS;C:\ProgramData\Oracle\Java\javapath;C:\Program Files (x86)\Intel\iCLS Client\;C:\Program Files\Intel\iCLS Client\;C:\WINDOWS\system32;C:\WINDOWS;C:\WINDOWS\System32\Wbem;C:\WINDOWS\System32\WindowsPowerShell\v1.0\;C:\Program Files\Intel\Intel(R) Management Engine Components\DAL;C:\Program Files\Intel\Intel(R) Management Engine Components\IPT;C:\Program Files (x86)\Intel\Intel(R) Management Engine Components\DAL;C:\Program Files (x86)\Intel\Intel(R) Management Engine Components\IPT;C:\Program Files\Intel\WiFi\bin\;C:\Program Files\Common Files\Intel\WirelessCommon\;C:\Program Files (x86)\NVIDIA Corporation\PhysX\Common;C:\WINDOWS\system32;C:\WINDOWS;C:\WINDOWS\System32\Wbem;C:\WINDOWS\System32\WindowsPowerShell\v1.0\;C:\code\apps\Git\cmd;C:\code\apps\Heroku\bin;C:\Program Files (x86)\git\cmd;C:\Program Files (x86)\Git\cmd;C:\Program Files (x86)\Skype\Phone\;C:\code\apps\Anaconda3;C:\code\apps\Anaconda3\Scripts;C:\code\apps\Anaconda3\Library\bin;C:\code\apps\Ruby200-x64\bin;C:\Users\Javier\AppData\Local\Microsoft\WindowsApps;;C:\code\apps\apache-maven-3.3.9\bin;."/>
    <property name="java.specification.name" value="Java Platform API Specification"/>
    <property name="java.class.version" value="52.0"/>
    <property name="sun.management.compiler" value="HotSpot 64-Bit Tiered Compilers"/>
    <property name="os.version" value="10.0"/>
    <property name="user.home" value="C:\Users\Javier"/>
    <property name="user.timezone" value="Europe/Paris"/>
    <property name="java.awt.printerjob" value="sun.awt.windows.WPrinterJob"/>
    <property name="java.specification.version" value="1.8"/>
    <property name="file.encoding" value="Cp1252"/>
    <property name="user.name" value="Javier"/>
    <property name="java.class.path" value="C:\code\apps\apache-maven-3.3.9\bin\..\boot\plexus-classworlds-2.5.2.jar"/>
    <property name="java.vm.specification.version" value="1.8"/>
    <property name="sun.arch.data.model" value="64"/>
    <property name="java.home" value="C:\Program Files\Java\jdk1.8.0_102\jre"/>
    <property name="sun.java.command" value="org.codehaus.plexus.classworlds.launcher.Launcher package"/>
    <property name="java.specification.vendor" value="Oracle Corporation"/>
    <property name="user.language" value="es"/>
    <property name="awt.toolkit" value="sun.awt.windows.WToolkit"/>
    <property name="java.vm.info" value="mixed mode"/>
    <property name="java.version" value="1.8.0_102"/>
    <property name="java.ext.dirs" value="C:\Program Files\Java\jdk1.8.0_102\jre\lib\ext;C:\WINDOWS\Sun\Java\lib\ext"/>
    <property name="sun.boot.class.path" value="C:\Program Files\Java\jdk1.8.0_102\jre\lib\resources.jar;C:\Program Files\Java\jdk1.8.0_102\jre\lib\rt.jar;C:\Program Files\Java\jdk1.8.0_102\jre\lib\sunrsasign.jar;C:\Program Files\Java\jdk1.8.0_102\jre\lib\jsse.jar;C:\Program Files\Java\jdk1.8.0_102\jre\lib\jce.jar;C:\Program Files\Java\jdk1.8.0_102\jre\lib\charsets.jar;C:\Program Files\Java\jdk1.8.0_102\jre\lib\jfr.jar;C:\Program Files\Java\jdk1.8.0_102\jre\classes"/>
    <property name="sun.stderr.encoding" value="cp850"/>
    <property name="java.vendor" value="Oracle Corporation"/>
    <property name="maven.home" value="C:\code\apps\apache-maven-3.3.9\bin\.."/>
    <property name="file.separator" value="\"/>
    <property name="java.vendor.url.bug" value="http://bugreport.sun.com/bugreport/"/>
    <property name="sun.cpu.endian" value="little"/>
    <property name="sun.io.unicode.encoding" value="UnicodeLittle"/>
    <property name="sun.stdout.encoding" value="cp850"/>
    <property name="sun.desktop" value="windows"/>
    <property name="sun.cpu.isalist" value="amd64"/>
  </properties>
  <testcase classname="Scenario: Actualizaci�n calidad &quot;Aged Brie&quot;" name="Given &quot;Aged Brie&quot; con una calidad de 30" time="0.007"/>
  <testcase classname="Scenario: Actualizaci�n calidad &quot;Aged Brie&quot;" name="And una fecha de venta de 10 dias" time="0"/>
  <testcase classname="Scenario: Actualizaci�n calidad &quot;Aged Brie&quot;" name="When transcurre un dia" time="0"/>
  <testcase classname="Scenario: Actualizaci�n calidad &quot;Aged Brie&quot;" name="Then La calidad es de 31" time="0"/>
  <testcase classname="Scenario: Actualizaci�n calidad &quot;Aged Brie&quot;" name="And la fecha de ventas es de 9 dias" time="0.001"/>
  <testcase classname="Scenario: Actualizaci�n calidad &quot;Aged Brie&quot;" name="Scenario: Actualizaci�n calidad &quot;Aged Brie&quot;" time="0.002"/>
  <testcase classname="Scenario: Calidad limite &quot;Aged Brie&quot;" name="Given &quot;Aged Brie&quot; con una calidad de 50" time="0.001"/>
  <testcase classname="Scenario: Calidad limite &quot;Aged Brie&quot;" name="And una fecha de venta de 10 dias" time="0.001"/>
  <testcase classname="Scenario: Calidad limite &quot;Aged Brie&quot;" name="When transcurre un dia" time="0.001"/>
  <testcase classname="Scenario: Calidad limite &quot;Aged Brie&quot;" name="Then La calidad sigue siendo 50" time="0.001"/>
  <testcase classname="Scenario: Calidad limite &quot;Aged Brie&quot;" name="But la fecha de ventas es de 9 dias" time="0"/>
  <testcase classname="Scenario: Calidad limite &quot;Aged Brie&quot;" name="Scenario: Calidad limite &quot;Aged Brie&quot;" time="0.003"/>
  <testcase classname="| &quot;Aged Brie&quot; | 30 | 10 | 31 | 9 |" name="Given &quot;Aged Brie&quot; con una calidad de 30" time="0"/>
  <testcase classname="| &quot;Aged Brie&quot; | 30 | 10 | 31 | 9 |" name="And una fecha de venta de 10 dias" time="0"/>
  <testcase classname="| &quot;Aged Brie&quot; | 30 | 10 | 31 | 9 |" name="When transcurre un dia" time="0"/>
  <testcase classname="| &quot;Aged Brie&quot; | 30 | 10 | 31 | 9 |" name="Then La calidad es de 31" time="0"/>
  <testcase classname="| &quot;Aged Brie&quot; | 30 | 10 | 31 | 9 |" name="And la fecha de ventas es de 9 dias" time="0.001"/>
  <testcase classname="| &quot;Aged Brie&quot; | 30 | 10 | 31 | 9 |" name="| &quot;Aged Brie&quot; | 30 | 10 | 31 | 9 |" time="0.001"/>
  <testcase classname="| &quot;Aged Brie&quot; | 50 | 10 | 50 | 9 |" name="Given &quot;Aged Brie&quot; con una calidad de 50" time="0.001"/>
  <testcase classname="| &quot;Aged Brie&quot; | 50 | 10 | 50 | 9 |" name="And una fecha de venta de 10 dias" time="0"/>
  <testcase classname="| &quot;Aged Brie&quot; | 50 | 10 | 50 | 9 |" name="When transcurre un dia" time="0"/>
  <testcase classname="| &quot;Aged Brie&quot; | 50 | 10 | 50 | 9 |" name="Then La calidad es de 50" time="0.001"/>
  <testcase classname="| &quot;Aged Brie&quot; | 50 | 10 | 50 | 9 |" name="And la fecha de ventas es de 9 dias" time="0"/>
  <testcase classname="| &quot;Aged Brie&quot; | 50 | 10 | 50 | 9 |" name="| &quot;Aged Brie&quot; | 50 | 10 | 50 | 9 |" time="0.001"/>
  <testcase classname="Scenario: La calidad no puede bajar de cero" name="Given cualquier item con calidad 0" time="0"/>
  <testcase classname="Scenario: La calidad no puede bajar de cero" name="When transcurre un dia" time="0"/>
  <testcase classname="Scenario: La calidad no puede bajar de cero" name="Then La calidad sigue siendo 0" time="0"/>
  <testcase classname="Scenario: La calidad no puede bajar de cero" name="Scenario: La calidad no puede bajar de cero" time="0.001"/>
  <testcase classname="Scenario: actualizaci�n producto normal" name="Given &quot;Producto normal&quot; con una calidad de 20" time="0"/>
  <testcase classname="Scenario: actualizaci�n producto normal" name="And una fecha de venta de 10 dias" time="0.001"/>
  <testcase classname="Scenario: actualizaci�n producto normal" name="When transcurre un dia" time="0"/>
  <testcase classname="Scenario: actualizaci�n producto normal" name="Then La calidad es de 19" time="0"/>
  <testcase classname="Scenario: actualizaci�n producto normal" name="Scenario: actualizaci�n producto normal" time="0.001"/>
</testsuite>